<?xml version="1.0" encoding="UTF-8"?>
<coverage generated="1656920208742" clover="3.2.0">
  <project timestamp="1656920208744" name="All files">
    <metrics statements="18" coveredstatements="7" conditionals="4" coveredconditionals="1" methods="6" coveredmethods="2" elements="28" coveredelements="10" complexity="0" loc="18" ncloc="18" packages="2" files="2" classes="2"/>
    <package name="src">
      <metrics statements="1" coveredstatements="1" conditionals="0" coveredconditionals="0" methods="1" coveredmethods="1"/>
      <file name="App.js" path="C:\Users\HP\OneDrive\Documents\Dibimbing FWD\Assignment-Testing\frontend-test\src\App.js">
        <metrics statements="1" coveredstatements="1" conditionals="0" coveredconditionals="0" methods="1" coveredmethods="1"/>
        <line num="8" count="1" type="stmt"/>
      </file>
    </package>
    <package name="src.components.PostSection">
      <metrics statements="17" coveredstatements="6" conditionals="4" coveredconditionals="1" methods="5" coveredmethods="1"/>
      <file name="view.js" path="C:\Users\HP\OneDrive\Documents\Dibimbing FWD\Assignment-Testing\frontend-test\src\components\PostSection\view.js">
        <metrics statements="17" coveredstatements="6" conditionals="4" coveredconditionals="1" methods="5" coveredmethods="1"/>
        <line num="8" count="2" type="stmt"/>
        <line num="9" count="2" type="stmt"/>
        <line num="10" count="2" type="stmt"/>
        <line num="11" count="2" type="stmt"/>
        <line num="14" count="0" type="stmt"/>
        <line num="15" count="0" type="stmt"/>
        <line num="20" count="0" type="stmt"/>
        <line num="21" count="0" type="stmt"/>
        <line num="27" count="0" type="stmt"/>
        <line num="33" count="0" type="stmt"/>
        <line num="35" count="0" type="stmt"/>
        <line num="36" count="0" type="stmt"/>
        <line num="40" count="2" type="stmt"/>
        <line num="41" count="0" type="stmt"/>
        <line num="44" count="2" type="stmt"/>
        <line num="54" count="0" type="stmt"/>
        <line num="62" count="0" type="stmt"/>
      </file>
    </package>
  </project>
</coverage>
