{"C:\\Users\\HP\\OneDrive\\Documents\\Dibimbing FWD\\Assignment-Testing\\frontend-test\\src\\App.js": {"path":"C:\\Users\\HP\\OneDrive\\Documents\\Dibimbing FWD\\Assignment-Testing\\frontend-test\\src\\App.js","statementMap":{"0":{"start":{"line":8,"column":2},"end":{"line":14,"column":4}}},"fnMap":{"0":{"name":"App","decl":{"start":{"line":7,"column":9},"end":{"line":7,"column":12}},"loc":{"start":{"line":7,"column":15},"end":{"line":15,"column":1}},"line":7}},"branchMap":{},"s":{"0":1},"f":{"0":1},"b":{},"_coverageSchema":"1a1c01bbd47fc00a2c39e90264f33305004495a9","hash":"165072a548382ce7962fad1e4e92f9dd0e28e582"}
,"C:\\Users\\HP\\OneDrive\\Documents\\Dibimbing FWD\\Assignment-Testing\\frontend-test\\src\\components\\PostSection\\view.js": {"path":"C:\\Users\\HP\\OneDrive\\Documents\\Dibimbing FWD\\Assignment-Testing\\frontend-test\\src\\components\\PostSection\\view.js","statementMap":{"0":{"start":{"line":8,"column":28},"end":{"line":8,"column":40}},"1":{"start":{"line":9,"column":40},"end":{"line":9,"column":52}},"2":{"start":{"line":10,"column":38},"end":{"line":10,"column":52}},"3":{"start":{"line":11,"column":32},"end":{"line":11,"column":47}},"4":{"start":{"line":14,"column":4},"end":{"line":14,"column":22}},"5":{"start":{"line":15,"column":21},"end":{"line":18,"column":5}},"6":{"start":{"line":20,"column":4},"end":{"line":37,"column":5}},"7":{"start":{"line":21,"column":18},"end":{"line":25,"column":8}},"8":{"start":{"line":27,"column":21},"end":{"line":31,"column":7}},"9":{"start":{"line":33,"column":6},"end":{"line":33,"column":28}},"10":{"start":{"line":35,"column":6},"end":{"line":35,"column":33}},"11":{"start":{"line":36,"column":6},"end":{"line":36,"column":23}},"12":{"start":{"line":40,"column":26},"end":{"line":42,"column":3}},"13":{"start":{"line":41,"column":4},"end":{"line":41,"column":24}},"14":{"start":{"line":44,"column":2},"end":{"line":95,"column":4}},"15":{"start":{"line":54,"column":29},"end":{"line":54,"column":53}},"16":{"start":{"line":62,"column":29},"end":{"line":62,"column":59}}},"fnMap":{"0":{"name":"PostSection","decl":{"start":{"line":7,"column":9},"end":{"line":7,"column":20}},"loc":{"start":{"line":7,"column":23},"end":{"line":96,"column":1}},"line":7},"1":{"name":"postData","decl":{"start":{"line":13,"column":17},"end":{"line":13,"column":25}},"loc":{"start":{"line":13,"column":28},"end":{"line":38,"column":3}},"line":13},"2":{"name":"(anonymous_2)","decl":{"start":{"line":40,"column":26},"end":{"line":40,"column":27}},"loc":{"start":{"line":40,"column":32},"end":{"line":42,"column":3}},"line":40},"3":{"name":"(anonymous_3)","decl":{"start":{"line":54,"column":22},"end":{"line":54,"column":23}},"loc":{"start":{"line":54,"column":29},"end":{"line":54,"column":53}},"line":54},"4":{"name":"(anonymous_4)","decl":{"start":{"line":62,"column":22},"end":{"line":62,"column":23}},"loc":{"start":{"line":62,"column":29},"end":{"line":62,"column":59}},"line":62}},"branchMap":{"0":{"loc":{"start":{"line":81,"column":9},"end":{"line":92,"column":9}},"type":"binary-expr","locations":[{"start":{"line":81,"column":9},"end":{"line":81,"column":19}},{"start":{"line":82,"column":10},"end":{"line":91,"column":13}}],"line":81},"1":{"loc":{"start":{"line":86,"column":13},"end":{"line":90,"column":13}},"type":"binary-expr","locations":[{"start":{"line":86,"column":13},"end":{"line":86,"column":21}},{"start":{"line":87,"column":14},"end":{"line":89,"column":20}}],"line":86}},"s":{"0":2,"1":2,"2":2,"3":2,"4":0,"5":0,"6":0,"7":0,"8":0,"9":0,"10":0,"11":0,"12":2,"13":0,"14":2,"15":0,"16":0},"f":{"0":2,"1":0,"2":0,"3":0,"4":0},"b":{"0":[2,0],"1":[0,0]},"_coverageSchema":"1a1c01bbd47fc00a2c39e90264f33305004495a9","hash":"02f65c155f3841e1bc4e437ec0baa6318d00f2a9"}
}
