TN:
SF:src\App.js
FN:7,App
FNF:1
FNH:1
FNDA:1,App
DA:8,1
LF:1
LH:1
BRF:0
BRH:0
end_of_record
TN:
SF:src\components\PostSection\view.js
FN:7,PostSection
FN:13,postData
FN:40,(anonymous_2)
FN:54,(anonymous_3)
FN:62,(anonymous_4)
FNF:5
FNH:1
FNDA:2,PostSection
FNDA:0,postData
FNDA:0,(anonymous_2)
FNDA:0,(anonymous_3)
FNDA:0,(anonymous_4)
DA:8,2
DA:9,2
DA:10,2
DA:11,2
DA:14,0
DA:15,0
DA:20,0
DA:21,0
DA:27,0
DA:33,0
DA:35,0
DA:36,0
DA:40,2
DA:41,0
DA:44,2
DA:54,0
DA:62,0
LF:17
LH:6
BRDA:81,0,0,2
BRDA:81,0,1,0
BRDA:86,1,0,0
BRDA:86,1,1,0
BRF:4
BRH:1
end_of_record
